This file contains any messages produced by compilers while
running configure, to aid debugging if configure makes a mistake.

It was created by DOMjudge configure 8.2.3, which was
generated by GNU Autoconf 2.71.  Invocation command line was

  $ ./configure --prefix=/opt/domjudge

## --------- ##
## Platform. ##
## --------- ##

hostname = ubuntu
uname -m = x86_64
uname -r = 5.15.0-84-generic
uname -s = Linux
uname -v = #93-Ubuntu SMP Tue Sep 5 17:16:10 UTC 2023

/usr/bin/uname -p = x86_64
/bin/uname -X     = unknown

/bin/arch              = x86_64
/usr/bin/arch -k       = unknown
/usr/convex/getsysinfo = unknown
/usr/bin/hostinfo      = unknown
/bin/machine           = unknown
/usr/bin/oslevel       = unknown
/bin/universe          = unknown

PATH: /home/usuario/.vscode-server/cli/servers/Stable-e170252f762678dec6ca2cc69aba1570769a5d39/server/bin/remote-cli/
PATH: /home/usuario/.local/bin/
PATH: /home/usuario/.local/bin/
PATH: /usr/local/sbin/
PATH: /usr/local/bin/
PATH: /usr/sbin/
PATH: /usr/bin/
PATH: /sbin/
PATH: /bin/
PATH: /usr/games/
PATH: /usr/local/games/
PATH: /snap/bin/


## ----------- ##
## Core tests. ##
## ----------- ##

configure:2837: looking for aux files: config.guess config.sub install-sh
configure:2850:  trying ./
configure:2879:   ./config.guess found
configure:2879:   ./config.sub found
configure:2861:   ./install-sh found
configure:3031: checking whether configure should try to set CFLAGS
configure:3035: result: yes
configure:3031: checking whether configure should try to set CXXFLAGS
configure:3035: result: yes
configure:3031: checking whether configure should try to set LDFLAGS
configure:3035: result: yes
configure:3104: checking for gcc
configure:3125: found /usr/bin/gcc
configure:3136: result: gcc
configure:3489: checking for C compiler version
configure:3498: gcc --version >&5
gcc (Ubuntu 11.4.0-1ubuntu1~22.04) 11.4.0
Copyright (C) 2021 Free Software Foundation, Inc.
This is free software; see the source for copying conditions.  There is NO
warranty; not even for MERCHANTABILITY or FITNESS FOR A PARTICULAR PURPOSE.

configure:3509: $? = 0
configure:3498: gcc -v >&5
Using built-in specs.
COLLECT_GCC=gcc
COLLECT_LTO_WRAPPER=/usr/lib/gcc/x86_64-linux-gnu/11/lto-wrapper
OFFLOAD_TARGET_NAMES=nvptx-none:amdgcn-amdhsa
OFFLOAD_TARGET_DEFAULT=1
Target: x86_64-linux-gnu
Configured with: ../src/configure -v --with-pkgversion='Ubuntu 11.4.0-1ubuntu1~22.04' --with-bugurl=file:///usr/share/doc/gcc-11/README.Bugs --enable-languages=c,ada,c++,go,brig,d,fortran,objc,obj-c++,m2 --prefix=/usr --with-gcc-major-version-only --program-suffix=-11 --program-prefix=x86_64-linux-gnu- --enable-shared --enable-linker-build-id --libexecdir=/usr/lib --without-included-gettext --enable-threads=posix --libdir=/usr/lib --enable-nls --enable-bootstrap --enable-clocale=gnu --enable-libstdcxx-debug --enable-libstdcxx-time=yes --with-default-libstdcxx-abi=new --enable-gnu-unique-object --disable-vtable-verify --enable-plugin --enable-default-pie --with-system-zlib --enable-libphobos-checking=release --with-target-system-zlib=auto --enable-objc-gc=auto --enable-multiarch --disable-werror --enable-cet --with-arch-32=i686 --with-abi=m64 --with-multilib-list=m32,m64,mx32 --enable-multilib --with-tune=generic --enable-offload-targets=nvptx-none=/build/gcc-11-XeT9lY/gcc-11-11.4.0/debian/tmp-nvptx/usr,amdgcn-amdhsa=/build/gcc-11-XeT9lY/gcc-11-11.4.0/debian/tmp-gcn/usr --without-cuda-driver --enable-checking=release --build=x86_64-linux-gnu --host=x86_64-linux-gnu --target=x86_64-linux-gnu --with-build-config=bootstrap-lto-lean --enable-link-serialization=2
Thread model: posix
Supported LTO compression algorithms: zlib zstd
gcc version 11.4.0 (Ubuntu 11.4.0-1ubuntu1~22.04) 
... rest of stderr output deleted ...
configure:3509: $? = 0
configure:3498: gcc -V >&5
gcc: error: unrecognized command-line option '-V'
gcc: fatal error: no input files
compilation terminated.
configure:3509: $? = 1
configure:3498: gcc -qversion >&5
gcc: error: unrecognized command-line option '-qversion'; did you mean '--version'?
gcc: fatal error: no input files
compilation terminated.
configure:3509: $? = 1
configure:3498: gcc -version >&5
gcc: error: unrecognized command-line option '-version'
gcc: fatal error: no input files
compilation terminated.
configure:3509: $? = 1
configure:3529: checking whether the C compiler works
configure:3551: gcc    conftest.c  >&5
configure:3555: $? = 0
configure:3605: result: yes
configure:3608: checking for C compiler default output file name
configure:3610: result: a.out
configure:3616: checking for suffix of executables
configure:3623: gcc -o conftest    conftest.c  >&5
configure:3627: $? = 0
configure:3650: result: 
configure:3672: checking whether we are cross compiling
configure:3680: gcc -o conftest    conftest.c  >&5
configure:3684: $? = 0
configure:3691: ./conftest
configure:3695: $? = 0
configure:3710: result: no
configure:3715: checking for suffix of object files
configure:3738: gcc -c   conftest.c >&5
configure:3742: $? = 0
configure:3764: result: o
configure:3768: checking whether the compiler supports GNU C
configure:3788: gcc -c   conftest.c >&5
configure:3788: $? = 0
configure:3798: result: yes
configure:3809: checking whether gcc accepts -g
configure:3830: gcc -c -g  conftest.c >&5
configure:3830: $? = 0
configure:3874: result: yes
configure:3894: checking for gcc option to enable C11 features
configure:3909: gcc  -c -g -O2  conftest.c >&5
configure:3909: $? = 0
configure:3927: result: none needed
configure:4044: checking whether C compiler accepts -Wall
configure:4064: gcc -c -g -O2  -Wall  conftest.c >&5
configure:4064: $? = 0
configure:4074: result: yes
configure:4092: : DEF_CXFLAGS="$DEF_CXFLAGS"
configure:4095: $? = 0
configure:4123: checking whether C compiler accepts -fstack-protector
configure:4143: gcc -c -g -O2  -fstack-protector  conftest.c >&5
configure:4143: $? = 0
configure:4153: result: yes
configure:4171: : DEF_CXFLAGS="$DEF_CXFLAGS"
configure:4174: $? = 0
configure:4202: checking whether C compiler accepts -fPIE
configure:4222: gcc -c -g -O2  -fPIE  conftest.c >&5
configure:4222: $? = 0
configure:4232: result: yes
configure:4250: : DEF_CXFLAGS="$DEF_CXFLAGS"
configure:4253: $? = 0
configure:4281: checking whether C compiler accepts -D_FORTIFY_SOURCE=2
configure:4301: gcc -c -g -O2  -D_FORTIFY_SOURCE=2  conftest.c >&5
configure:4301: $? = 0
configure:4311: result: yes
configure:4329: : DEF_CXFLAGS="$DEF_CXFLAGS"
configure:4332: $? = 0
configure:4360: checking whether the linker accepts -fPIE
configure:4380: gcc -o conftest -g -O2    -fPIE conftest.c  >&5
configure:4380: $? = 0
configure:4391: result: yes
configure:4409: : DEF_LDFLAGS="$DEF_LDFLAGS"
configure:4412: $? = 0
configure:4360: checking whether the linker accepts -pie
configure:4380: gcc -o conftest -g -O2    -pie conftest.c  >&5
configure:4380: $? = 0
configure:4391: result: yes
configure:4409: : DEF_LDFLAGS="$DEF_LDFLAGS"
configure:4412: $? = 0
configure:4440: checking whether the linker accepts -Wl,-z,relro
configure:4460: gcc -o conftest -g -O2    -Wl,-z,relro conftest.c  >&5
configure:4460: $? = 0
configure:4471: result: yes
configure:4489: : DEF_LDFLAGS="$DEF_LDFLAGS"
configure:4492: $? = 0
configure:4520: checking whether the linker accepts -Wl,-z,now
configure:4540: gcc -o conftest -g -O2    -Wl,-z,now conftest.c  >&5
configure:4540: $? = 0
configure:4551: result: yes
configure:4569: : DEF_LDFLAGS="$DEF_LDFLAGS"
configure:4572: $? = 0
configure:4622: checking domjudge-user
configure:4641: result: usuario (default: current user)
configure:4650: checking webserver-group
configure:4672: result: www-data (detected)
configure:4687: checking runuser
configure:4700: result: domjudge-run (default)
configure:4716: checking rungroup
configure:4729: result: domjudge-run (default)
configure:4739: checking for cgroup_init in -lcgroup
configure:4762: gcc -o conftest -g -O2 -Wall -fstack-protector -fPIE -D_FORTIFY_SOURCE=2   -fPIE -pie -Wl,-z,relro -Wl,-z,now conftest.c -lcgroup   >&5
configure:4762: $? = 0
configure:4772: result: yes
configure:5261: checking for pkg-config
configure:5284: found /usr/bin/pkg-config
configure:5296: result: /usr/bin/pkg-config
configure:5321: checking pkg-config is at least version 0.9.0
configure:5324: result: yes
configure:5365: checking baseurl
configure:5466: checking for g++
configure:5487: found /usr/bin/g++
configure:5498: result: g++
configure:5525: checking for C++ compiler version
configure:5534: g++ --version >&5
g++ (Ubuntu 11.4.0-1ubuntu1~22.04) 11.4.0
Copyright (C) 2021 Free Software Foundation, Inc.
This is free software; see the source for copying conditions.  There is NO
warranty; not even for MERCHANTABILITY or FITNESS FOR A PARTICULAR PURPOSE.

configure:5545: $? = 0
configure:5534: g++ -v >&5
Using built-in specs.
COLLECT_GCC=g++
COLLECT_LTO_WRAPPER=/usr/lib/gcc/x86_64-linux-gnu/11/lto-wrapper
OFFLOAD_TARGET_NAMES=nvptx-none:amdgcn-amdhsa
OFFLOAD_TARGET_DEFAULT=1
Target: x86_64-linux-gnu
Configured with: ../src/configure -v --with-pkgversion='Ubuntu 11.4.0-1ubuntu1~22.04' --with-bugurl=file:///usr/share/doc/gcc-11/README.Bugs --enable-languages=c,ada,c++,go,brig,d,fortran,objc,obj-c++,m2 --prefix=/usr --with-gcc-major-version-only --program-suffix=-11 --program-prefix=x86_64-linux-gnu- --enable-shared --enable-linker-build-id --libexecdir=/usr/lib --without-included-gettext --enable-threads=posix --libdir=/usr/lib --enable-nls --enable-bootstrap --enable-clocale=gnu --enable-libstdcxx-debug --enable-libstdcxx-time=yes --with-default-libstdcxx-abi=new --enable-gnu-unique-object --disable-vtable-verify --enable-plugin --enable-default-pie --with-system-zlib --enable-libphobos-checking=release --with-target-system-zlib=auto --enable-objc-gc=auto --enable-multiarch --disable-werror --enable-cet --with-arch-32=i686 --with-abi=m64 --with-multilib-list=m32,m64,mx32 --enable-multilib --with-tune=generic --enable-offload-targets=nvptx-none=/build/gcc-11-XeT9lY/gcc-11-11.4.0/debian/tmp-nvptx/usr,amdgcn-amdhsa=/build/gcc-11-XeT9lY/gcc-11-11.4.0/debian/tmp-gcn/usr --without-cuda-driver --enable-checking=release --build=x86_64-linux-gnu --host=x86_64-linux-gnu --target=x86_64-linux-gnu --with-build-config=bootstrap-lto-lean --enable-link-serialization=2
Thread model: posix
Supported LTO compression algorithms: zlib zstd
gcc version 11.4.0 (Ubuntu 11.4.0-1ubuntu1~22.04) 
... rest of stderr output deleted ...
configure:5545: $? = 0
configure:5534: g++ -V >&5
g++: error: unrecognized command-line option '-V'
g++: fatal error: no input files
compilation terminated.
configure:5545: $? = 1
configure:5534: g++ -qversion >&5
g++: error: unrecognized command-line option '-qversion'; did you mean '--version'?
g++: fatal error: no input files
compilation terminated.
configure:5545: $? = 1
configure:5549: checking whether the compiler supports GNU C++
configure:5569: g++ -c -g -O2 -Wall -fstack-protector -fPIE -D_FORTIFY_SOURCE=2  conftest.cpp >&5
configure:5569: $? = 0
configure:5579: result: yes
configure:5590: checking whether g++ accepts -g
configure:5611: g++ -c -g  conftest.cpp >&5
configure:5611: $? = 0
configure:5655: result: yes
configure:5675: checking for g++ option to enable C++11 features
configure:5690: g++  -c -g -O2 -Wall -fstack-protector -fPIE -D_FORTIFY_SOURCE=2  conftest.cpp >&5
conftest.cpp: In function 'int main(int, char**)':
conftest.cpp:133:8: warning: unused variable 'a1' [-Wunused-variable]
  133 |   auto a1 = 6538;
      |        ^~
conftest.cpp:140:16: warning: unused variable 'a4' [-Wunused-variable]
  140 |   decltype(a2) a4 = 34895.034;
      |                ^~
conftest.cpp:144:9: warning: unused variable 'sa' [-Wunused-variable]
  144 |   short sa[cxx11test::get_val()] = { 0 };
      |         ^~
conftest.cpp:148:23: warning: unused variable 'il' [-Wunused-variable]
  148 |   cxx11test::testinit il = { 4323, 435234.23544 };
      |                       ^~
conftest.cpp:169:8: warning: unused variable 'a' [-Wunused-variable]
  169 |   auto a = sum(1);
      |        ^
conftest.cpp:170:8: warning: unused variable 'b' [-Wunused-variable]
  170 |   auto b = sum(1, 2);
      |        ^
conftest.cpp:171:8: warning: unused variable 'c' [-Wunused-variable]
  171 |   auto c = sum(1.0, 2.0, 3.0);
      |        ^
conftest.cpp:176:25: warning: empty parentheses were disambiguated as a function declaration [-Wvexing-parse]
  176 |   cxx11test::delegate d2();
      |                         ^~
conftest.cpp:176:25: note: remove parentheses to default-initialize a variable
  176 |   cxx11test::delegate d2();
      |                         ^~
      |                         --
conftest.cpp:176:25: note: or replace parentheses with braces to value-initialize a variable
conftest.cpp:185:9: warning: unused variable 'c' [-Wunused-variable]
  185 |   char *c = nullptr;
      |         ^
conftest.cpp:193:15: warning: unused variable 'utf8' [-Wunused-variable]
  193 |   char const *utf8 = u8"UTF-8 string \u2500";
      |               ^~~~
conftest.cpp:194:19: warning: unused variable 'utf16' [-Wunused-variable]
  194 |   char16_t const *utf16 = u"UTF-8 string \u2500";
      |                   ^~~~~
conftest.cpp:195:19: warning: unused variable 'utf32' [-Wunused-variable]
  195 |   char32_t const *utf32 = U"UTF-32 string \u2500";
      |                   ^~~~~
configure:5690: $? = 0
configure:5708: result: none needed
configure:5825: checking for gcc
configure:5857: result: gcc
configure:6210: checking for C compiler version
configure:6219: gcc --version >&5
gcc (Ubuntu 11.4.0-1ubuntu1~22.04) 11.4.0
Copyright (C) 2021 Free Software Foundation, Inc.
This is free software; see the source for copying conditions.  There is NO
warranty; not even for MERCHANTABILITY or FITNESS FOR A PARTICULAR PURPOSE.

configure:6230: $? = 0
configure:6219: gcc -v >&5
Using built-in specs.
COLLECT_GCC=gcc
COLLECT_LTO_WRAPPER=/usr/lib/gcc/x86_64-linux-gnu/11/lto-wrapper
OFFLOAD_TARGET_NAMES=nvptx-none:amdgcn-amdhsa
OFFLOAD_TARGET_DEFAULT=1
Target: x86_64-linux-gnu
Configured with: ../src/configure -v --with-pkgversion='Ubuntu 11.4.0-1ubuntu1~22.04' --with-bugurl=file:///usr/share/doc/gcc-11/README.Bugs --enable-languages=c,ada,c++,go,brig,d,fortran,objc,obj-c++,m2 --prefix=/usr --with-gcc-major-version-only --program-suffix=-11 --program-prefix=x86_64-linux-gnu- --enable-shared --enable-linker-build-id --libexecdir=/usr/lib --without-included-gettext --enable-threads=posix --libdir=/usr/lib --enable-nls --enable-bootstrap --enable-clocale=gnu --enable-libstdcxx-debug --enable-libstdcxx-time=yes --with-default-libstdcxx-abi=new --enable-gnu-unique-object --disable-vtable-verify --enable-plugin --enable-default-pie --with-system-zlib --enable-libphobos-checking=release --with-target-system-zlib=auto --enable-objc-gc=auto --enable-multiarch --disable-werror --enable-cet --with-arch-32=i686 --with-abi=m64 --with-multilib-list=m32,m64,mx32 --enable-multilib --with-tune=generic --enable-offload-targets=nvptx-none=/build/gcc-11-XeT9lY/gcc-11-11.4.0/debian/tmp-nvptx/usr,amdgcn-amdhsa=/build/gcc-11-XeT9lY/gcc-11-11.4.0/debian/tmp-gcn/usr --without-cuda-driver --enable-checking=release --build=x86_64-linux-gnu --host=x86_64-linux-gnu --target=x86_64-linux-gnu --with-build-config=bootstrap-lto-lean --enable-link-serialization=2
Thread model: posix
Supported LTO compression algorithms: zlib zstd
gcc version 11.4.0 (Ubuntu 11.4.0-1ubuntu1~22.04) 
... rest of stderr output deleted ...
configure:6230: $? = 0
configure:6219: gcc -V >&5
gcc: error: unrecognized command-line option '-V'
gcc: fatal error: no input files
compilation terminated.
configure:6230: $? = 1
configure:6219: gcc -qversion >&5
gcc: error: unrecognized command-line option '-qversion'; did you mean '--version'?
gcc: fatal error: no input files
compilation terminated.
configure:6230: $? = 1
configure:6219: gcc -version >&5
gcc: error: unrecognized command-line option '-version'
gcc: fatal error: no input files
compilation terminated.
configure:6230: $? = 1
configure:6234: checking whether the compiler supports GNU C
configure:6264: result: yes
configure:6275: checking whether gcc accepts -g
configure:6340: result: yes
configure:6360: checking for gcc option to enable C11 features
configure:6393: result: none needed
configure:6508: checking how to run the C++ preprocessor
configure:6530: g++ -E  conftest.cpp
configure:6530: $? = 0
configure:6545: g++ -E  conftest.cpp
conftest.cpp:10:10: fatal error: ac_nonexistent.h: No such file or directory
   10 | #include <ac_nonexistent.h>
      |          ^~~~~~~~~~~~~~~~~~
compilation terminated.
configure:6545: $? = 1
configure: failed program was:
| /* confdefs.h */
| #define PACKAGE_NAME "DOMjudge"
| #define PACKAGE_TARNAME "domjudge"
| #define PACKAGE_VERSION "8.2.3"
| #define PACKAGE_STRING "DOMjudge 8.2.3"
| #define PACKAGE_BUGREPORT "domjudge-devel@domjudge.org"
| #define PACKAGE_URL ""
| #define DOMJUDGE_VERSION "8.2.3"
| /* end confdefs.h.  */
| #include <ac_nonexistent.h>
configure:6572: result: g++ -E
configure:6586: g++ -E  conftest.cpp
configure:6586: $? = 0
configure:6601: g++ -E  conftest.cpp
conftest.cpp:10:10: fatal error: ac_nonexistent.h: No such file or directory
   10 | #include <ac_nonexistent.h>
      |          ^~~~~~~~~~~~~~~~~~
compilation terminated.
configure:6601: $? = 1
configure: failed program was:
| /* confdefs.h */
| #define PACKAGE_NAME "DOMjudge"
| #define PACKAGE_TARNAME "domjudge"
| #define PACKAGE_VERSION "8.2.3"
| #define PACKAGE_STRING "DOMjudge 8.2.3"
| #define PACKAGE_BUGREPORT "domjudge-devel@domjudge.org"
| #define PACKAGE_URL ""
| #define DOMJUDGE_VERSION "8.2.3"
| /* end confdefs.h.  */
| #include <ac_nonexistent.h>
configure:6636: checking how to run the C preprocessor
configure:6662: gcc -E  conftest.c
configure:6662: $? = 0
configure:6677: gcc -E  conftest.c
conftest.c:10:10: fatal error: ac_nonexistent.h: No such file or directory
   10 | #include <ac_nonexistent.h>
      |          ^~~~~~~~~~~~~~~~~~
compilation terminated.
configure:6677: $? = 1
configure: failed program was:
| /* confdefs.h */
| #define PACKAGE_NAME "DOMjudge"
| #define PACKAGE_TARNAME "domjudge"
| #define PACKAGE_VERSION "8.2.3"
| #define PACKAGE_STRING "DOMjudge 8.2.3"
| #define PACKAGE_BUGREPORT "domjudge-devel@domjudge.org"
| #define PACKAGE_URL ""
| #define DOMJUDGE_VERSION "8.2.3"
| /* end confdefs.h.  */
| #include <ac_nonexistent.h>
configure:6704: result: gcc -E
configure:6718: gcc -E  conftest.c
configure:6718: $? = 0
configure:6733: gcc -E  conftest.c
conftest.c:10:10: fatal error: ac_nonexistent.h: No such file or directory
   10 | #include <ac_nonexistent.h>
      |          ^~~~~~~~~~~~~~~~~~
compilation terminated.
configure:6733: $? = 1
configure: failed program was:
| /* confdefs.h */
| #define PACKAGE_NAME "DOMjudge"
| #define PACKAGE_TARNAME "domjudge"
| #define PACKAGE_VERSION "8.2.3"
| #define PACKAGE_STRING "DOMjudge 8.2.3"
| #define PACKAGE_BUGREPORT "domjudge-devel@domjudge.org"
| #define PACKAGE_URL ""
| #define DOMJUDGE_VERSION "8.2.3"
| /* end confdefs.h.  */
| #include <ac_nonexistent.h>
configure:6779: checking for a BSD-compatible install
configure:6852: result: /usr/bin/install -c
configure:6863: checking whether ln -s works
configure:6867: result: yes
configure:6874: checking whether make sets $(MAKE)
configure:6897: result: yes
configure:6907: checking for a race-free mkdir -p
configure:6951: result: /usr/bin/mkdir -p
configure:6989: checking for stdio.h
configure:6989: gcc -c -g -O2 -Wall -fstack-protector -fPIE -D_FORTIFY_SOURCE=2  conftest.c >&5
configure:6989: $? = 0
configure:6989: result: yes
configure:6989: checking for stdlib.h
configure:6989: gcc -c -g -O2 -Wall -fstack-protector -fPIE -D_FORTIFY_SOURCE=2  conftest.c >&5
configure:6989: $? = 0
configure:6989: result: yes
configure:6989: checking for string.h
configure:6989: gcc -c -g -O2 -Wall -fstack-protector -fPIE -D_FORTIFY_SOURCE=2  conftest.c >&5
configure:6989: $? = 0
configure:6989: result: yes
configure:6989: checking for inttypes.h
configure:6989: gcc -c -g -O2 -Wall -fstack-protector -fPIE -D_FORTIFY_SOURCE=2  conftest.c >&5
configure:6989: $? = 0
configure:6989: result: yes
configure:6989: checking for stdint.h
configure:6989: gcc -c -g -O2 -Wall -fstack-protector -fPIE -D_FORTIFY_SOURCE=2  conftest.c >&5
configure:6989: $? = 0
configure:6989: result: yes
configure:6989: checking for strings.h
configure:6989: gcc -c -g -O2 -Wall -fstack-protector -fPIE -D_FORTIFY_SOURCE=2  conftest.c >&5
configure:6989: $? = 0
configure:6989: result: yes
configure:6989: checking for sys/stat.h
configure:6989: gcc -c -g -O2 -Wall -fstack-protector -fPIE -D_FORTIFY_SOURCE=2  conftest.c >&5
configure:6989: $? = 0
configure:6989: result: yes
configure:6989: checking for sys/types.h
configure:6989: gcc -c -g -O2 -Wall -fstack-protector -fPIE -D_FORTIFY_SOURCE=2  conftest.c >&5
configure:6989: $? = 0
configure:6989: result: yes
configure:6989: checking for unistd.h
configure:6989: gcc -c -g -O2 -Wall -fstack-protector -fPIE -D_FORTIFY_SOURCE=2  conftest.c >&5
configure:6989: $? = 0
configure:6989: result: yes
configure:6989: checking for vfork.h
configure:6989: gcc -c -g -O2 -Wall -fstack-protector -fPIE -D_FORTIFY_SOURCE=2  conftest.c >&5
conftest.c:49:10: fatal error: vfork.h: No such file or directory
   49 | #include <vfork.h>
      |          ^~~~~~~~~
compilation terminated.
configure:6989: $? = 1
configure: failed program was:
| /* confdefs.h */
| #define PACKAGE_NAME "DOMjudge"
| #define PACKAGE_TARNAME "domjudge"
| #define PACKAGE_VERSION "8.2.3"
| #define PACKAGE_STRING "DOMjudge 8.2.3"
| #define PACKAGE_BUGREPORT "domjudge-devel@domjudge.org"
| #define PACKAGE_URL ""
| #define DOMJUDGE_VERSION "8.2.3"
| #define _POSIX_C_SOURCE 200809L
| #define _XOPEN_SOURCE 500
| #define HAVE_STDIO_H 1
| #define HAVE_STDLIB_H 1
| #define HAVE_STRING_H 1
| #define HAVE_INTTYPES_H 1
| #define HAVE_STDINT_H 1
| #define HAVE_STRINGS_H 1
| #define HAVE_SYS_STAT_H 1
| #define HAVE_SYS_TYPES_H 1
| #define HAVE_UNISTD_H 1
| /* end confdefs.h.  */
| #include <stddef.h>
| #ifdef HAVE_STDIO_H
| # include <stdio.h>
| #endif
| #ifdef HAVE_STDLIB_H
| # include <stdlib.h>
| #endif
| #ifdef HAVE_STRING_H
| # include <string.h>
| #endif
| #ifdef HAVE_INTTYPES_H
| # include <inttypes.h>
| #endif
| #ifdef HAVE_STDINT_H
| # include <stdint.h>
| #endif
| #ifdef HAVE_STRINGS_H
| # include <strings.h>
| #endif
| #ifdef HAVE_SYS_TYPES_H
| # include <sys/types.h>
| #endif
| #ifdef HAVE_SYS_STAT_H
| # include <sys/stat.h>
| #endif
| #ifdef HAVE_UNISTD_H
| # include <unistd.h>
| #endif
| #include <vfork.h>
configure:6989: result: no
configure:7014: checking for _Bool
configure:7014: gcc -c -g -O2 -Wall -fstack-protector -fPIE -D_FORTIFY_SOURCE=2  conftest.c >&5
configure:7014: $? = 0
configure:7014: gcc -c -g -O2 -Wall -fstack-protector -fPIE -D_FORTIFY_SOURCE=2  conftest.c >&5
conftest.c: In function 'main':
conftest.c:53:20: error: expected expression before ')' token
   53 | if (sizeof ((_Bool)))
      |                    ^
configure:7014: $? = 1
configure: failed program was:
| /* confdefs.h */
| #define PACKAGE_NAME "DOMjudge"
| #define PACKAGE_TARNAME "domjudge"
| #define PACKAGE_VERSION "8.2.3"
| #define PACKAGE_STRING "DOMjudge 8.2.3"
| #define PACKAGE_BUGREPORT "domjudge-devel@domjudge.org"
| #define PACKAGE_URL ""
| #define DOMJUDGE_VERSION "8.2.3"
| #define _POSIX_C_SOURCE 200809L
| #define _XOPEN_SOURCE 500
| #define HAVE_STDIO_H 1
| #define HAVE_STDLIB_H 1
| #define HAVE_STRING_H 1
| #define HAVE_INTTYPES_H 1
| #define HAVE_STDINT_H 1
| #define HAVE_STRINGS_H 1
| #define HAVE_SYS_STAT_H 1
| #define HAVE_SYS_TYPES_H 1
| #define HAVE_UNISTD_H 1
| #define STDC_HEADERS 1
| /* end confdefs.h.  */
| #include <stddef.h>
| #ifdef HAVE_STDIO_H
| # include <stdio.h>
| #endif
| #ifdef HAVE_STDLIB_H
| # include <stdlib.h>
| #endif
| #ifdef HAVE_STRING_H
| # include <string.h>
| #endif
| #ifdef HAVE_INTTYPES_H
| # include <inttypes.h>
| #endif
| #ifdef HAVE_STDINT_H
| # include <stdint.h>
| #endif
| #ifdef HAVE_STRINGS_H
| # include <strings.h>
| #endif
| #ifdef HAVE_SYS_TYPES_H
| # include <sys/types.h>
| #endif
| #ifdef HAVE_SYS_STAT_H
| # include <sys/stat.h>
| #endif
| #ifdef HAVE_UNISTD_H
| # include <unistd.h>
| #endif
| int
| main (void)
| {
| if (sizeof ((_Bool)))
| 	    return 0;
|   ;
|   return 0;
| }
configure:7014: result: yes
configure:7023: checking for stdbool.h that conforms to C99
configure:7139: gcc -c -g -O2 -Wall -fstack-protector -fPIE -D_FORTIFY_SOURCE=2  conftest.c >&5
conftest.c: In function 'main':
conftest.c:108:14: warning: the address of 's' will always evaluate as 'true' [-Waddress]
  108 |              bool ps = &s;
      |              ^~~~
conftest.c:113:16: warning: the address of 't' will always evaluate as 'true' [-Waddress]
  113 |                _Bool pt = &t;
      |                ^~~~~
conftest.c:120:22: warning: the address of 'a' will always evaluate as 'true' [-Waddress]
  120 |              return (!a + !b + !c + !d + !e + !f + !g + !h + !i + !j + !k
      |                      ^
conftest.c:120:27: warning: the address of 'b' will always evaluate as 'true' [-Waddress]
  120 |              return (!a + !b + !c + !d + !e + !f + !g + !h + !i + !j + !k
      |                           ^
conftest.c:120:32: warning: the address of 'c' will always evaluate as 'true' [-Waddress]
  120 |              return (!a + !b + !c + !d + !e + !f + !g + !h + !i + !j + !k
      |                                ^
conftest.c:120:37: warning: the address of 'd' will always evaluate as 'true' [-Waddress]
  120 |              return (!a + !b + !c + !d + !e + !f + !g + !h + !i + !j + !k
      |                                     ^
conftest.c:120:62: warning: the address of 'i' will always evaluate as 'true' [-Waddress]
  120 |              return (!a + !b + !c + !d + !e + !f + !g + !h + !i + !j + !k
      |                                                              ^
conftest.c:120:67: warning: the address of 'j' will always evaluate as 'true' [-Waddress]
  120 |              return (!a + !b + !c + !d + !e + !f + !g + !h + !i + !j + !k
      |                                                                   ^
conftest.c:120:72: warning: the address of 'k' will always evaluate as 'true' [-Waddress]
  120 |              return (!a + !b + !c + !d + !e + !f + !g + !h + !i + !j + !k
      |                                                                        ^
conftest.c:121:24: warning: the address of 'l' will always evaluate as 'true' [-Waddress]
  121 |                      + !l + !m + !n + !o + !p + !pp + !ps
      |                        ^
conftest.c:121:29: warning: the address of 'm' will always evaluate as 'true' [-Waddress]
  121 |                      + !l + !m + !n + !o + !p + !pp + !ps
      |                             ^
conftest.c:121:34: warning: the address of 'n' will always evaluate as 'true' [-Waddress]
  121 |                      + !l + !m + !n + !o + !p + !pp + !ps
      |                                  ^
conftest.c:121:39: warning: the address of 'o' will always evaluate as 'true' [-Waddress]
  121 |                      + !l + !m + !n + !o + !p + !pp + !ps
      |                                       ^
conftest.c:123:24: warning: the address of 'q' will always evaluate as 'true' [-Waddress]
  123 |                      + !q + !r + !u + !v + !w + !x + !y + !z + !pt
      |                        ^
conftest.c:123:29: warning: the address of 'r' will always evaluate as 'true' [-Waddress]
  123 |                      + !q + !r + !u + !v + !w + !x + !y + !z + !pt
      |                             ^
conftest.c:123:34: warning: the address of 'u' will always evaluate as 'true' [-Waddress]
  123 |                      + !q + !r + !u + !v + !w + !x + !y + !z + !pt
      |                                  ^
conftest.c:123:39: warning: the address of 'v' will always evaluate as 'true' [-Waddress]
  123 |                      + !q + !r + !u + !v + !w + !x + !y + !z + !pt
      |                                       ^
conftest.c:123:44: warning: the address of 'w' will always evaluate as 'true' [-Waddress]
  123 |                      + !q + !r + !u + !v + !w + !x + !y + !z + !pt
      |                                            ^
conftest.c:123:49: warning: the address of 'x' will always evaluate as 'true' [-Waddress]
  123 |                      + !q + !r + !u + !v + !w + !x + !y + !z + !pt
      |                                                 ^
conftest.c:123:54: warning: the address of 'y' will always evaluate as 'true' [-Waddress]
  123 |                      + !q + !r + !u + !v + !w + !x + !y + !z + !pt
      |                                                      ^
configure:7139: $? = 0
configure:7147: result: yes
configure:7156: checking for fcntl.h
configure:7156: gcc -c -g -O2 -Wall -fstack-protector -fPIE -D_FORTIFY_SOURCE=2  conftest.c >&5
configure:7156: $? = 0
configure:7156: result: yes
configure:7162: checking for stdlib.h
configure:7162: result: yes
configure:7168: checking for string.h
configure:7168: result: yes
configure:7174: checking for sys/param.h
configure:7174: gcc -c -g -O2 -Wall -fstack-protector -fPIE -D_FORTIFY_SOURCE=2  conftest.c >&5
configure:7174: $? = 0
configure:7174: result: yes
configure:7180: checking for sys/time.h
configure:7180: gcc -c -g -O2 -Wall -fstack-protector -fPIE -D_FORTIFY_SOURCE=2  conftest.c >&5
configure:7180: $? = 0
configure:7180: result: yes
configure:7186: checking for syslog.h
configure:7186: gcc -c -g -O2 -Wall -fstack-protector -fPIE -D_FORTIFY_SOURCE=2  conftest.c >&5
configure:7186: $? = 0
configure:7186: result: yes
configure:7192: checking for termios.h
configure:7192: gcc -c -g -O2 -Wall -fstack-protector -fPIE -D_FORTIFY_SOURCE=2  conftest.c >&5
configure:7192: $? = 0
configure:7192: result: yes
configure:7198: checking for unistd.h
configure:7198: result: yes
configure:7204: checking for magic.h
configure:7204: gcc -c -g -O2 -Wall -fstack-protector -fPIE -D_FORTIFY_SOURCE=2  conftest.c >&5
conftest.c:60:10: fatal error: magic.h: No such file or directory
   60 | #include <magic.h>
      |          ^~~~~~~~~
compilation terminated.
configure:7204: $? = 1
configure: failed program was:
| /* confdefs.h */
| #define PACKAGE_NAME "DOMjudge"
| #define PACKAGE_TARNAME "domjudge"
| #define PACKAGE_VERSION "8.2.3"
| #define PACKAGE_STRING "DOMjudge 8.2.3"
| #define PACKAGE_BUGREPORT "domjudge-devel@domjudge.org"
| #define PACKAGE_URL ""
| #define DOMJUDGE_VERSION "8.2.3"
| #define _POSIX_C_SOURCE 200809L
| #define _XOPEN_SOURCE 500
| #define HAVE_STDIO_H 1
| #define HAVE_STDLIB_H 1
| #define HAVE_STRING_H 1
| #define HAVE_INTTYPES_H 1
| #define HAVE_STDINT_H 1
| #define HAVE_STRINGS_H 1
| #define HAVE_SYS_STAT_H 1
| #define HAVE_SYS_TYPES_H 1
| #define HAVE_UNISTD_H 1
| #define STDC_HEADERS 1
| #define HAVE__BOOL 1
| #define HAVE_STDBOOL_H 1
| #define HAVE_FCNTL_H 1
| #define HAVE_STDLIB_H 1
| #define HAVE_STRING_H 1
| #define HAVE_SYS_PARAM_H 1
| #define HAVE_SYS_TIME_H 1
| #define HAVE_SYSLOG_H 1
| #define HAVE_TERMIOS_H 1
| #define HAVE_UNISTD_H 1
| /* end confdefs.h.  */
| #include <stddef.h>
| #ifdef HAVE_STDIO_H
| # include <stdio.h>
| #endif
| #ifdef HAVE_STDLIB_H
| # include <stdlib.h>
| #endif
| #ifdef HAVE_STRING_H
| # include <string.h>
| #endif
| #ifdef HAVE_INTTYPES_H
| # include <inttypes.h>
| #endif
| #ifdef HAVE_STDINT_H
| # include <stdint.h>
| #endif
| #ifdef HAVE_STRINGS_H
| # include <strings.h>
| #endif
| #ifdef HAVE_SYS_TYPES_H
| # include <sys/types.h>
| #endif
| #ifdef HAVE_SYS_STAT_H
| # include <sys/stat.h>
| #endif
| #ifdef HAVE_UNISTD_H
| # include <unistd.h>
| #endif
| #include <magic.h>
configure:7204: result: no
configure:7210: checking for libcgroup.h
configure:7210: gcc -c -g -O2 -Wall -fstack-protector -fPIE -D_FORTIFY_SOURCE=2  conftest.c >&5
configure:7210: $? = 0
configure:7210: result: yes
configure:7219: checking for inline
configure:7236: gcc -c -g -O2 -Wall -fstack-protector -fPIE -D_FORTIFY_SOURCE=2  conftest.c >&5
configure:7236: $? = 0
configure:7245: result: inline
configure:7264: checking for pid_t
configure:7264: gcc -c -g -O2 -Wall -fstack-protector -fPIE -D_FORTIFY_SOURCE=2  conftest.c >&5
configure:7264: $? = 0
configure:7264: gcc -c -g -O2 -Wall -fstack-protector -fPIE -D_FORTIFY_SOURCE=2  conftest.c >&5
conftest.c: In function 'main':
conftest.c:65:20: error: expected expression before ')' token
   65 | if (sizeof ((pid_t)))
      |                    ^
configure:7264: $? = 1
configure: failed program was:
| /* confdefs.h */
| #define PACKAGE_NAME "DOMjudge"
| #define PACKAGE_TARNAME "domjudge"
| #define PACKAGE_VERSION "8.2.3"
| #define PACKAGE_STRING "DOMjudge 8.2.3"
| #define PACKAGE_BUGREPORT "domjudge-devel@domjudge.org"
| #define PACKAGE_URL ""
| #define DOMJUDGE_VERSION "8.2.3"
| #define _POSIX_C_SOURCE 200809L
| #define _XOPEN_SOURCE 500
| #define HAVE_STDIO_H 1
| #define HAVE_STDLIB_H 1
| #define HAVE_STRING_H 1
| #define HAVE_INTTYPES_H 1
| #define HAVE_STDINT_H 1
| #define HAVE_STRINGS_H 1
| #define HAVE_SYS_STAT_H 1
| #define HAVE_SYS_TYPES_H 1
| #define HAVE_UNISTD_H 1
| #define STDC_HEADERS 1
| #define HAVE__BOOL 1
| #define HAVE_STDBOOL_H 1
| #define HAVE_FCNTL_H 1
| #define HAVE_STDLIB_H 1
| #define HAVE_STRING_H 1
| #define HAVE_SYS_PARAM_H 1
| #define HAVE_SYS_TIME_H 1
| #define HAVE_SYSLOG_H 1
| #define HAVE_TERMIOS_H 1
| #define HAVE_UNISTD_H 1
| #define HAVE_LIBCGROUP_H 1
| /* end confdefs.h.  */
| #include <stddef.h>
| #ifdef HAVE_STDIO_H
| # include <stdio.h>
| #endif
| #ifdef HAVE_STDLIB_H
| # include <stdlib.h>
| #endif
| #ifdef HAVE_STRING_H
| # include <string.h>
| #endif
| #ifdef HAVE_INTTYPES_H
| # include <inttypes.h>
| #endif
| #ifdef HAVE_STDINT_H
| # include <stdint.h>
| #endif
| #ifdef HAVE_STRINGS_H
| # include <strings.h>
| #endif
| #ifdef HAVE_SYS_TYPES_H
| # include <sys/types.h>
| #endif
| #ifdef HAVE_SYS_STAT_H
| # include <sys/stat.h>
| #endif
| #ifdef HAVE_UNISTD_H
| # include <unistd.h>
| #endif
| 
| int
| main (void)
| {
| if (sizeof ((pid_t)))
| 	    return 0;
|   ;
|   return 0;
| }
configure:7264: result: yes
configure:7300: checking for size_t
configure:7300: gcc -c -g -O2 -Wall -fstack-protector -fPIE -D_FORTIFY_SOURCE=2  conftest.c >&5
configure:7300: $? = 0
configure:7300: gcc -c -g -O2 -Wall -fstack-protector -fPIE -D_FORTIFY_SOURCE=2  conftest.c >&5
conftest.c: In function 'main':
conftest.c:64:21: error: expected expression before ')' token
   64 | if (sizeof ((size_t)))
      |                     ^
configure:7300: $? = 1
configure: failed program was:
| /* confdefs.h */
| #define PACKAGE_NAME "DOMjudge"
| #define PACKAGE_TARNAME "domjudge"
| #define PACKAGE_VERSION "8.2.3"
| #define PACKAGE_STRING "DOMjudge 8.2.3"
| #define PACKAGE_BUGREPORT "domjudge-devel@domjudge.org"
| #define PACKAGE_URL ""
| #define DOMJUDGE_VERSION "8.2.3"
| #define _POSIX_C_SOURCE 200809L
| #define _XOPEN_SOURCE 500
| #define HAVE_STDIO_H 1
| #define HAVE_STDLIB_H 1
| #define HAVE_STRING_H 1
| #define HAVE_INTTYPES_H 1
| #define HAVE_STDINT_H 1
| #define HAVE_STRINGS_H 1
| #define HAVE_SYS_STAT_H 1
| #define HAVE_SYS_TYPES_H 1
| #define HAVE_UNISTD_H 1
| #define STDC_HEADERS 1
| #define HAVE__BOOL 1
| #define HAVE_STDBOOL_H 1
| #define HAVE_FCNTL_H 1
| #define HAVE_STDLIB_H 1
| #define HAVE_STRING_H 1
| #define HAVE_SYS_PARAM_H 1
| #define HAVE_SYS_TIME_H 1
| #define HAVE_SYSLOG_H 1
| #define HAVE_TERMIOS_H 1
| #define HAVE_UNISTD_H 1
| #define HAVE_LIBCGROUP_H 1
| /* end confdefs.h.  */
| #include <stddef.h>
| #ifdef HAVE_STDIO_H
| # include <stdio.h>
| #endif
| #ifdef HAVE_STDLIB_H
| # include <stdlib.h>
| #endif
| #ifdef HAVE_STRING_H
| # include <string.h>
| #endif
| #ifdef HAVE_INTTYPES_H
| # include <inttypes.h>
| #endif
| #ifdef HAVE_STDINT_H
| # include <stdint.h>
| #endif
| #ifdef HAVE_STRINGS_H
| # include <strings.h>
| #endif
| #ifdef HAVE_SYS_TYPES_H
| # include <sys/types.h>
| #endif
| #ifdef HAVE_SYS_STAT_H
| # include <sys/stat.h>
| #endif
| #ifdef HAVE_UNISTD_H
| # include <unistd.h>
| #endif
| int
| main (void)
| {
| if (sizeof ((size_t)))
| 	    return 0;
|   ;
|   return 0;
| }
configure:7300: result: yes
configure:7310: checking for ssize_t
configure:7310: gcc -c -g -O2 -Wall -fstack-protector -fPIE -D_FORTIFY_SOURCE=2  conftest.c >&5
configure:7310: $? = 0
configure:7310: gcc -c -g -O2 -Wall -fstack-protector -fPIE -D_FORTIFY_SOURCE=2  conftest.c >&5
conftest.c: In function 'main':
conftest.c:64:22: error: expected expression before ')' token
   64 | if (sizeof ((ssize_t)))
      |                      ^
configure:7310: $? = 1
configure: failed program was:
| /* confdefs.h */
| #define PACKAGE_NAME "DOMjudge"
| #define PACKAGE_TARNAME "domjudge"
| #define PACKAGE_VERSION "8.2.3"
| #define PACKAGE_STRING "DOMjudge 8.2.3"
| #define PACKAGE_BUGREPORT "domjudge-devel@domjudge.org"
| #define PACKAGE_URL ""
| #define DOMJUDGE_VERSION "8.2.3"
| #define _POSIX_C_SOURCE 200809L
| #define _XOPEN_SOURCE 500
| #define HAVE_STDIO_H 1
| #define HAVE_STDLIB_H 1
| #define HAVE_STRING_H 1
| #define HAVE_INTTYPES_H 1
| #define HAVE_STDINT_H 1
| #define HAVE_STRINGS_H 1
| #define HAVE_SYS_STAT_H 1
| #define HAVE_SYS_TYPES_H 1
| #define HAVE_UNISTD_H 1
| #define STDC_HEADERS 1
| #define HAVE__BOOL 1
| #define HAVE_STDBOOL_H 1
| #define HAVE_FCNTL_H 1
| #define HAVE_STDLIB_H 1
| #define HAVE_STRING_H 1
| #define HAVE_SYS_PARAM_H 1
| #define HAVE_SYS_TIME_H 1
| #define HAVE_SYSLOG_H 1
| #define HAVE_TERMIOS_H 1
| #define HAVE_UNISTD_H 1
| #define HAVE_LIBCGROUP_H 1
| /* end confdefs.h.  */
| #include <stddef.h>
| #ifdef HAVE_STDIO_H
| # include <stdio.h>
| #endif
| #ifdef HAVE_STDLIB_H
| # include <stdlib.h>
| #endif
| #ifdef HAVE_STRING_H
| # include <string.h>
| #endif
| #ifdef HAVE_INTTYPES_H
| # include <inttypes.h>
| #endif
| #ifdef HAVE_STDINT_H
| # include <stdint.h>
| #endif
| #ifdef HAVE_STRINGS_H
| # include <strings.h>
| #endif
| #ifdef HAVE_SYS_TYPES_H
| # include <sys/types.h>
| #endif
| #ifdef HAVE_SYS_STAT_H
| # include <sys/stat.h>
| #endif
| #ifdef HAVE_UNISTD_H
| # include <unistd.h>
| #endif
| int
| main (void)
| {
| if (sizeof ((ssize_t)))
| 	    return 0;
|   ;
|   return 0;
| }
configure:7310: result: yes
configure:7322: checking for error_at_line
configure:7339: gcc -o conftest -g -O2 -Wall -fstack-protector -fPIE -D_FORTIFY_SOURCE=2   -fPIE -pie -Wl,-z,relro -Wl,-z,now conftest.c  >&5
configure:7339: $? = 0
configure:7348: result: yes
configure:7364: checking for fork
configure:7364: gcc -o conftest -g -O2 -Wall -fstack-protector -fPIE -D_FORTIFY_SOURCE=2   -fPIE -pie -Wl,-z,relro -Wl,-z,now conftest.c  >&5
conftest.c:49:6: warning: conflicting types for built-in function 'fork'; expected 'int(void)' [-Wbuiltin-declaration-mismatch]
   49 | char fork ();
      |      ^~~~
configure:7364: $? = 0
configure:7364: result: yes
configure:7364: checking for vfork
configure:7364: gcc -o conftest -g -O2 -Wall -fstack-protector -fPIE -D_FORTIFY_SOURCE=2   -fPIE -pie -Wl,-z,relro -Wl,-z,now conftest.c  >&5
configure:7364: $? = 0
configure:7364: result: yes
configure:7377: checking for working fork
configure:7401: gcc -o conftest -g -O2 -Wall -fstack-protector -fPIE -D_FORTIFY_SOURCE=2   -fPIE -pie -Wl,-z,relro -Wl,-z,now conftest.c  >&5
configure:7401: $? = 0
configure:7401: ./conftest
configure:7401: $? = 0
configure:7412: result: yes
configure:7433: checking for working vfork
configure:7562: result: yes
configure:7593: checking build system type
configure:7608: result: x86_64-unknown-linux-gnu
configure:7628: checking host system type
configure:7642: result: x86_64-unknown-linux-gnu
configure:7662: checking for GNU libc compatible malloc
configure:7694: gcc -o conftest -g -O2 -Wall -fstack-protector -fPIE -D_FORTIFY_SOURCE=2   -fPIE -pie -Wl,-z,relro -Wl,-z,now conftest.c  >&5
configure:7694: $? = 0
configure:7694: ./conftest
configure:7694: $? = 0
configure:7705: result: yes
configure:7727: checking for GNU libc compatible realloc
configure:7759: gcc -o conftest -g -O2 -Wall -fstack-protector -fPIE -D_FORTIFY_SOURCE=2   -fPIE -pie -Wl,-z,relro -Wl,-z,now conftest.c  >&5
configure:7759: $? = 0
configure:7759: ./conftest
configure:7759: $? = 0
configure:7770: result: yes
configure:7792: checking for working strtod
configure:7835: gcc -o conftest -g -O2 -Wall -fstack-protector -fPIE -D_FORTIFY_SOURCE=2   -fPIE -pie -Wl,-z,relro -Wl,-z,now conftest.c  >&5
configure:7835: $? = 0
configure:7835: ./conftest
configure:7835: $? = 0
configure:7846: result: yes
configure:7909: checking for atexit
configure:7909: gcc -o conftest -g -O2 -Wall -fstack-protector -fPIE -D_FORTIFY_SOURCE=2   -fPIE -pie -Wl,-z,relro -Wl,-z,now conftest.c  >&5
configure:7909: $? = 0
configure:7909: result: yes
configure:7922: checking for dup2
configure:7922: gcc -o conftest -g -O2 -Wall -fstack-protector -fPIE -D_FORTIFY_SOURCE=2   -fPIE -pie -Wl,-z,relro -Wl,-z,now conftest.c  >&5
configure:7922: $? = 0
configure:7922: result: yes
configure:7935: checking for getcwd
configure:7935: gcc -o conftest -g -O2 -Wall -fstack-protector -fPIE -D_FORTIFY_SOURCE=2   -fPIE -pie -Wl,-z,relro -Wl,-z,now conftest.c  >&5
configure:7935: $? = 0
configure:7935: result: yes
configure:7948: checking for gettimeofday
configure:7948: gcc -o conftest -g -O2 -Wall -fstack-protector -fPIE -D_FORTIFY_SOURCE=2   -fPIE -pie -Wl,-z,relro -Wl,-z,now conftest.c  >&5
configure:7948: $? = 0
configure:7948: result: yes
configure:7961: checking for memset
configure:7961: gcc -o conftest -g -O2 -Wall -fstack-protector -fPIE -D_FORTIFY_SOURCE=2   -fPIE -pie -Wl,-z,relro -Wl,-z,now conftest.c  >&5
conftest.c:59:6: warning: conflicting types for built-in function 'memset'; expected 'void *(void *, int,  long unsigned int)' [-Wbuiltin-declaration-mismatch]
   59 | char memset ();
      |      ^~~~~~
conftest.c:51:1: note: 'memset' is declared in header '<string.h>'
   50 | #include <limits.h>
   51 | #undef memset
configure:7961: $? = 0
configure:7961: result: yes
configure:7974: checking for mkdir
configure:7974: gcc -o conftest -g -O2 -Wall -fstack-protector -fPIE -D_FORTIFY_SOURCE=2   -fPIE -pie -Wl,-z,relro -Wl,-z,now conftest.c  >&5
configure:7974: $? = 0
configure:7974: result: yes
configure:7987: checking for realpath
configure:7987: gcc -o conftest -g -O2 -Wall -fstack-protector -fPIE -D_FORTIFY_SOURCE=2   -fPIE -pie -Wl,-z,relro -Wl,-z,now conftest.c  >&5
configure:7987: $? = 0
configure:7987: result: yes
configure:8000: checking for setenv
configure:8000: gcc -o conftest -g -O2 -Wall -fstack-protector -fPIE -D_FORTIFY_SOURCE=2   -fPIE -pie -Wl,-z,relro -Wl,-z,now conftest.c  >&5
configure:8000: $? = 0
configure:8000: result: yes
configure:8013: checking for socket
configure:8013: gcc -o conftest -g -O2 -Wall -fstack-protector -fPIE -D_FORTIFY_SOURCE=2   -fPIE -pie -Wl,-z,relro -Wl,-z,now conftest.c  >&5
configure:8013: $? = 0
configure:8013: result: yes
configure:8026: checking for strchr
configure:8026: gcc -o conftest -g -O2 -Wall -fstack-protector -fPIE -D_FORTIFY_SOURCE=2   -fPIE -pie -Wl,-z,relro -Wl,-z,now conftest.c  >&5
conftest.c:64:6: warning: conflicting types for built-in function 'strchr'; expected 'char *(const char *, int)' [-Wbuiltin-declaration-mismatch]
   64 | char strchr ();
      |      ^~~~~~
conftest.c:56:1: note: 'strchr' is declared in header '<string.h>'
   55 | #include <limits.h>
   56 | #undef strchr
configure:8026: $? = 0
configure:8026: result: yes
configure:8039: checking for strdup
configure:8039: gcc -o conftest -g -O2 -Wall -fstack-protector -fPIE -D_FORTIFY_SOURCE=2   -fPIE -pie -Wl,-z,relro -Wl,-z,now conftest.c  >&5
conftest.c:65:6: warning: conflicting types for built-in function 'strdup'; expected 'char *(const char *)' [-Wbuiltin-declaration-mismatch]
   65 | char strdup ();
      |      ^~~~~~
configure:8039: $? = 0
configure:8039: result: yes
configure:8052: checking for strerror
configure:8052: gcc -o conftest -g -O2 -Wall -fstack-protector -fPIE -D_FORTIFY_SOURCE=2   -fPIE -pie -Wl,-z,relro -Wl,-z,now conftest.c  >&5
configure:8052: $? = 0
configure:8052: result: yes
configure:8065: checking for strncasecmp
configure:8065: gcc -o conftest -g -O2 -Wall -fstack-protector -fPIE -D_FORTIFY_SOURCE=2   -fPIE -pie -Wl,-z,relro -Wl,-z,now conftest.c  >&5
conftest.c:67:6: warning: conflicting types for built-in function 'strncasecmp'; expected 'int(const char *, const char *, long unsigned int)' [-Wbuiltin-declaration-mismatch]
   67 | char strncasecmp ();
      |      ^~~~~~~~~~~
configure:8065: $? = 0
configure:8065: result: yes
configure:8078: checking for strrchr
configure:8078: gcc -o conftest -g -O2 -Wall -fstack-protector -fPIE -D_FORTIFY_SOURCE=2   -fPIE -pie -Wl,-z,relro -Wl,-z,now conftest.c  >&5
conftest.c:68:6: warning: conflicting types for built-in function 'strrchr'; expected 'char *(const char *, int)' [-Wbuiltin-declaration-mismatch]
   68 | char strrchr ();
      |      ^~~~~~~
conftest.c:60:1: note: 'strrchr' is declared in header '<string.h>'
   59 | #include <limits.h>
   60 | #undef strrchr
configure:8078: $? = 0
configure:8078: result: yes
configure:8091: checking for strstr
configure:8091: gcc -o conftest -g -O2 -Wall -fstack-protector -fPIE -D_FORTIFY_SOURCE=2   -fPIE -pie -Wl,-z,relro -Wl,-z,now conftest.c  >&5
conftest.c:69:6: warning: conflicting types for built-in function 'strstr'; expected 'char *(const char *, const char *)' [-Wbuiltin-declaration-mismatch]
   69 | char strstr ();
      |      ^~~~~~
conftest.c:61:1: note: 'strstr' is declared in header '<string.h>'
   60 | #include <limits.h>
   61 | #undef strstr
configure:8091: $? = 0
configure:8091: result: yes
configure:8104: checking for strtol
configure:8104: gcc -o conftest -g -O2 -Wall -fstack-protector -fPIE -D_FORTIFY_SOURCE=2   -fPIE -pie -Wl,-z,relro -Wl,-z,now conftest.c  >&5
configure:8104: $? = 0
configure:8104: result: yes
configure:8121: checking for php
configure:8142: found /usr/bin/php
configure:8153: result: yes
configure:8278: creating ./config.status

## ---------------------- ##
## Running config.status. ##
## ---------------------- ##

This file was extended by DOMjudge config.status 8.2.3, which was
generated by GNU Autoconf 2.71.  Invocation command line was

  CONFIG_FILES    = 
  CONFIG_HEADERS  = 
  CONFIG_LINKS    = 
  CONFIG_COMMANDS = 
  $ ./config.status 

on ubuntu

config.status:885: creating paths.mk
config.status:885: creating etc/config.h
config.status:1066: etc/config.h is unchanged

## ---------------- ##
## Cache variables. ##
## ---------------- ##

ac_cv_build=x86_64-unknown-linux-gnu
ac_cv_c_compiler_gnu=yes
ac_cv_c_inline=inline
ac_cv_cxx_compiler_gnu=yes
ac_cv_env_CCC_set=
ac_cv_env_CCC_value=
ac_cv_env_CC_set=
ac_cv_env_CC_value=
ac_cv_env_CFLAGS_set=
ac_cv_env_CFLAGS_value=
ac_cv_env_CPPFLAGS_set=
ac_cv_env_CPPFLAGS_value=
ac_cv_env_CPP_set=
ac_cv_env_CPP_value=
ac_cv_env_CXXCPP_set=
ac_cv_env_CXXCPP_value=
ac_cv_env_CXXFLAGS_set=
ac_cv_env_CXXFLAGS_value=
ac_cv_env_CXX_set=
ac_cv_env_CXX_value=
ac_cv_env_LDFLAGS_set=
ac_cv_env_LDFLAGS_value=
ac_cv_env_LIBS_set=
ac_cv_env_LIBS_value=
ac_cv_env_PKG_CONFIG_LIBDIR_set=
ac_cv_env_PKG_CONFIG_LIBDIR_value=
ac_cv_env_PKG_CONFIG_PATH_set=
ac_cv_env_PKG_CONFIG_PATH_value=
ac_cv_env_PKG_CONFIG_set=
ac_cv_env_PKG_CONFIG_value=
ac_cv_env_build_alias_set=
ac_cv_env_build_alias_value=
ac_cv_env_host_alias_set=
ac_cv_env_host_alias_value=
ac_cv_env_target_alias_set=
ac_cv_env_target_alias_value=
ac_cv_func_atexit=yes
ac_cv_func_dup2=yes
ac_cv_func_fork=yes
ac_cv_func_fork_works=yes
ac_cv_func_getcwd=yes
ac_cv_func_gettimeofday=yes
ac_cv_func_malloc_0_nonnull=yes
ac_cv_func_memset=yes
ac_cv_func_mkdir=yes
ac_cv_func_realloc_0_nonnull=yes
ac_cv_func_realpath=yes
ac_cv_func_setenv=yes
ac_cv_func_socket=yes
ac_cv_func_strchr=yes
ac_cv_func_strdup=yes
ac_cv_func_strerror=yes
ac_cv_func_strncasecmp=yes
ac_cv_func_strrchr=yes
ac_cv_func_strstr=yes
ac_cv_func_strtod=yes
ac_cv_func_strtol=yes
ac_cv_func_vfork=yes
ac_cv_func_vfork_works=yes
ac_cv_header_fcntl_h=yes
ac_cv_header_inttypes_h=yes
ac_cv_header_libcgroup_h=yes
ac_cv_header_magic_h=no
ac_cv_header_stdbool_h=yes
ac_cv_header_stdint_h=yes
ac_cv_header_stdio_h=yes
ac_cv_header_stdlib_h=yes
ac_cv_header_string_h=yes
ac_cv_header_strings_h=yes
ac_cv_header_sys_param_h=yes
ac_cv_header_sys_stat_h=yes
ac_cv_header_sys_time_h=yes
ac_cv_header_sys_types_h=yes
ac_cv_header_syslog_h=yes
ac_cv_header_termios_h=yes
ac_cv_header_unistd_h=yes
ac_cv_header_vfork_h=no
ac_cv_host=x86_64-unknown-linux-gnu
ac_cv_lib_cgroup_cgroup_init=yes
ac_cv_lib_error_at_line=yes
ac_cv_objext=o
ac_cv_path_ac_pt_PKG_CONFIG=/usr/bin/pkg-config
ac_cv_path_install='/usr/bin/install -c'
ac_cv_path_mkdir=/usr/bin/mkdir
ac_cv_prog_CPP='gcc -E'
ac_cv_prog_CXXCPP='g++ -E'
ac_cv_prog_PHP_CHECK=yes
ac_cv_prog_ac_ct_CC=gcc
ac_cv_prog_ac_ct_CXX=g++
ac_cv_prog_cc_c11=
ac_cv_prog_cc_g=yes
ac_cv_prog_cc_stdc=
ac_cv_prog_cxx_cxx11=
ac_cv_prog_cxx_g=yes
ac_cv_prog_cxx_stdcxx=
ac_cv_prog_make_make_set=yes
ac_cv_type__Bool=yes
ac_cv_type_pid_t=yes
ac_cv_type_size_t=yes
ac_cv_type_ssize_t=yes
ax_cv_check_cflags___D_FORTIFY_SOURCE_2=yes
ax_cv_check_cflags___Wall=yes
ax_cv_check_cflags___fPIE=yes
ax_cv_check_cflags___fstack_protector=yes
ax_cv_check_ldflags___Wl__z_now=yes
ax_cv_check_ldflags___Wl__z_relro=yes
ax_cv_check_ldflags___fPIE=yes
ax_cv_check_ldflags___pie=yes

## ----------------- ##
## Output variables. ##
## ----------------- ##

BASEURL='https://example.com/domjudge/'
BASEURL_UNCONFIGURED='1'
CC='gcc'
CFLAGS='-g -O2 -Wall -fstack-protector -fPIE -D_FORTIFY_SOURCE=2'
CPP='gcc -E'
CPPFLAGS=''
CXX='g++'
CXXCPP='g++ -E'
CXXFLAGS='-g -O2 -Wall -fstack-protector -fPIE -D_FORTIFY_SOURCE=2'
DEFS='-DHAVE_CONFIG_H'
DOC_BUILD_ENABLED='yes'
DOMJUDGE_USER='usuario'
DOMJUDGE_VERSION='8.2.3'
ECHO_C=''
ECHO_N='-n'
ECHO_T=''
EXEEXT=''
FHS_ENABLED='no'
INSTALL_DATA='${INSTALL} -m 644'
INSTALL_PROGRAM='${INSTALL}'
INSTALL_SCRIPT='${INSTALL}'
LDFLAGS=' -fPIE -pie -Wl,-z,relro -Wl,-z,now'
LIBCGROUP='-lcgroup'
LIBOBJS=''
LIBS=''
LN_S='ln -s'
LTLIBOBJS=''
MKDIR_P='/usr/bin/mkdir -p'
OBJEXT='o'
PACKAGE_BUGREPORT='domjudge-devel@domjudge.org'
PACKAGE_NAME='DOMjudge'
PACKAGE_STRING='DOMjudge 8.2.3'
PACKAGE_TARNAME='domjudge'
PACKAGE_URL=''
PACKAGE_VERSION='8.2.3'
PATH_SEPARATOR=':'
PHPVERSION='8.1'
PHP_CHECK='yes'
PKG_CONFIG='/usr/bin/pkg-config'
PKG_CONFIG_LIBDIR=''
PKG_CONFIG_PATH=''
POW_LIB=''
RUNGROUP='domjudge-run'
RUNUSER='domjudge-run'
SET_MAKE=''
SHELL='/bin/bash'
WEBSERVER_GROUP='www-data'
ac_ct_CC='gcc'
ac_ct_CXX='g++'
bindir='${exec_prefix}/bin'
build='x86_64-unknown-linux-gnu'
build_alias=''
build_cpu='x86_64'
build_os='linux-gnu'
build_vendor='unknown'
datadir='${datarootdir}'
datarootdir='${prefix}/share'
docdir='${datarootdir}/doc/${PACKAGE_TARNAME}'
domjudge_docdir='/opt/domjudge/doc'
domserver_bindir='/opt/domjudge/domserver/bin'
domserver_etcdir='/opt/domjudge/domserver/etc'
domserver_exampleprobdir='/opt/domjudge/domserver/example_problems'
domserver_libdir='/opt/domjudge/domserver/lib'
domserver_libvendordir='/opt/domjudge/domserver/lib/vendor'
domserver_logdir='/opt/domjudge/domserver/log'
domserver_root='/opt/domjudge/domserver'
domserver_rundir='/opt/domjudge/domserver/run'
domserver_sqldir='/opt/domjudge/domserver/sql'
domserver_tmpdir='/opt/domjudge/domserver/tmp'
domserver_webappdir='/opt/domjudge/domserver/webapp'
dvidir='${docdir}'
exec_prefix='${prefix}'
host='x86_64-unknown-linux-gnu'
host_alias=''
host_cpu='x86_64'
host_os='linux-gnu'
host_vendor='unknown'
htmldir='${docdir}'
includedir='${prefix}/include'
infodir='${datarootdir}/info'
judgehost_bindir='/opt/domjudge/judgehost/bin'
judgehost_cgroupdir='/sys/fs/cgroup'
judgehost_chrootdir='/chroot/domjudge'
judgehost_etcdir='/opt/domjudge/judgehost/etc'
judgehost_judgedir='/opt/domjudge/judgehost/judgings'
judgehost_libdir='/opt/domjudge/judgehost/lib'
judgehost_libjudgedir='/opt/domjudge/judgehost/lib/judge'
judgehost_logdir='/opt/domjudge/judgehost/log'
judgehost_root='/opt/domjudge/judgehost'
judgehost_rundir='/opt/domjudge/judgehost/run'
judgehost_tmpdir='/opt/domjudge/judgehost/tmp'
libdir='${exec_prefix}/lib'
libexecdir='${exec_prefix}/libexec'
localedir='${datarootdir}/locale'
localstatedir='${prefix}/var'
mandir='${datarootdir}/man'
oldincludedir='/usr/include'
pdfdir='${docdir}'
prefix='/opt/domjudge'
program_transform_name='s,x,x,'
psdir='${docdir}'
runstatedir='${localstatedir}/run'
sbindir='${exec_prefix}/sbin'
sharedstatedir='${prefix}/com'
sysconfdir='${prefix}/etc'
systemd_unitdir='/lib/systemd/system'
target_alias=''

## ----------- ##
## confdefs.h. ##
## ----------- ##

/* confdefs.h */
#define PACKAGE_NAME "DOMjudge"
#define PACKAGE_TARNAME "domjudge"
#define PACKAGE_VERSION "8.2.3"
#define PACKAGE_STRING "DOMjudge 8.2.3"
#define PACKAGE_BUGREPORT "domjudge-devel@domjudge.org"
#define PACKAGE_URL ""
#define DOMJUDGE_VERSION "8.2.3"
#define _POSIX_C_SOURCE 200809L
#define _XOPEN_SOURCE 500
#define HAVE_STDIO_H 1
#define HAVE_STDLIB_H 1
#define HAVE_STRING_H 1
#define HAVE_INTTYPES_H 1
#define HAVE_STDINT_H 1
#define HAVE_STRINGS_H 1
#define HAVE_SYS_STAT_H 1
#define HAVE_SYS_TYPES_H 1
#define HAVE_UNISTD_H 1
#define STDC_HEADERS 1
#define HAVE__BOOL 1
#define HAVE_STDBOOL_H 1
#define HAVE_FCNTL_H 1
#define HAVE_STDLIB_H 1
#define HAVE_STRING_H 1
#define HAVE_SYS_PARAM_H 1
#define HAVE_SYS_TIME_H 1
#define HAVE_SYSLOG_H 1
#define HAVE_TERMIOS_H 1
#define HAVE_UNISTD_H 1
#define HAVE_LIBCGROUP_H 1
#define HAVE_FORK 1
#define HAVE_VFORK 1
#define HAVE_WORKING_VFORK 1
#define HAVE_WORKING_FORK 1
#define HAVE_MALLOC 1
#define HAVE_REALLOC 1
#define HAVE_ATEXIT 1
#define HAVE_DUP2 1
#define HAVE_GETCWD 1
#define HAVE_GETTIMEOFDAY 1
#define HAVE_MEMSET 1
#define HAVE_MKDIR 1
#define HAVE_REALPATH 1
#define HAVE_SETENV 1
#define HAVE_SOCKET 1
#define HAVE_STRCHR 1
#define HAVE_STRDUP 1
#define HAVE_STRERROR 1
#define HAVE_STRNCASECMP 1
#define HAVE_STRRCHR 1
#define HAVE_STRSTR 1
#define HAVE_STRTOL 1

configure: exit 0
